mode: set
github.com/RustyClawRouter/rustyclaw-go/balance.go:28.19,36.2 1 1
github.com/RustyClawRouter/rustyclaw-go/balance.go:39.34,41.2 1 1
github.com/RustyClawRouter/rustyclaw-go/balance.go:44.33,47.16 3 1
github.com/RustyClawRouter/rustyclaw-go/balance.go:47.16,50.3 2 1
github.com/RustyClawRouter/rustyclaw-go/balance.go:54.54,58.2 3 1
github.com/RustyClawRouter/rustyclaw-go/balance.go:60.32,66.6 4 1
github.com/RustyClawRouter/rustyclaw-go/balance.go:66.6,67.10 1 1
github.com/RustyClawRouter/rustyclaw-go/balance.go:68.19,69.10 1 1
github.com/RustyClawRouter/rustyclaw-go/balance.go:70.19,71.12 1 1
github.com/RustyClawRouter/rustyclaw-go/balance.go:76.33,78.16 2 1
github.com/RustyClawRouter/rustyclaw-go/balance.go:78.16,80.3 1 1
github.com/RustyClawRouter/rustyclaw-go/balance.go:82.2,86.59 4 1
github.com/RustyClawRouter/rustyclaw-go/balance.go:86.59,88.25 2 1
github.com/RustyClawRouter/rustyclaw-go/balance.go:88.25,90.4 1 1
github.com/RustyClawRouter/rustyclaw-go/balance.go:91.3,91.19 1 1
github.com/RustyClawRouter/rustyclaw-go/cache.go:26.40,28.2 1 1
github.com/RustyClawRouter/rustyclaw-go/cache.go:31.96,39.2 1 1
github.com/RustyClawRouter/rustyclaw-go/cache.go:42.60,45.31 3 1
github.com/RustyClawRouter/rustyclaw-go/cache.go:45.31,48.3 2 1
github.com/RustyClawRouter/rustyclaw-go/cache.go:49.2,49.48 1 1
github.com/RustyClawRouter/rustyclaw-go/cache.go:53.62,58.9 4 1
github.com/RustyClawRouter/rustyclaw-go/cache.go:58.9,60.3 1 1
github.com/RustyClawRouter/rustyclaw-go/cache.go:61.2,61.40 1 1
github.com/RustyClawRouter/rustyclaw-go/cache.go:61.40,65.3 3 1
github.com/RustyClawRouter/rustyclaw-go/cache.go:67.2,69.29 3 1
github.com/RustyClawRouter/rustyclaw-go/cache.go:74.64,79.40 3 1
github.com/RustyClawRouter/rustyclaw-go/cache.go:79.40,80.52 1 1
github.com/RustyClawRouter/rustyclaw-go/cache.go:80.52,82.4 1 1
github.com/RustyClawRouter/rustyclaw-go/cache.go:86.2,86.57 1 1
github.com/RustyClawRouter/rustyclaw-go/cache.go:86.57,90.3 3 1
github.com/RustyClawRouter/rustyclaw-go/cache.go:92.2,97.32 3 1
github.com/RustyClawRouter/rustyclaw-go/cache.go:100.53,101.28 1 1
github.com/RustyClawRouter/rustyclaw-go/cache.go:101.28,102.15 1 1
github.com/RustyClawRouter/rustyclaw-go/cache.go:102.15,105.4 2 1
github.com/RustyClawRouter/rustyclaw-go/client.go:22.80,24.27 2 1
github.com/RustyClawRouter/rustyclaw-go/client.go:24.27,26.3 1 1
github.com/RustyClawRouter/rustyclaw-go/client.go:28.2,34.21 2 1
github.com/RustyClawRouter/rustyclaw-go/client.go:34.21,36.3 1 1
github.com/RustyClawRouter/rustyclaw-go/client.go:37.2,37.24 1 1
github.com/RustyClawRouter/rustyclaw-go/client.go:37.24,39.3 1 1
github.com/RustyClawRouter/rustyclaw-go/client.go:40.2,40.10 1 1
github.com/RustyClawRouter/rustyclaw-go/client.go:45.98,49.85 2 1
github.com/RustyClawRouter/rustyclaw-go/client.go:49.85,51.3 1 0
github.com/RustyClawRouter/rustyclaw-go/client.go:54.2,55.27 2 1
github.com/RustyClawRouter/rustyclaw-go/client.go:55.27,58.29 3 0
github.com/RustyClawRouter/rustyclaw-go/client.go:58.29,60.4 1 0
github.com/RustyClawRouter/rustyclaw-go/client.go:64.2,65.20 2 1
github.com/RustyClawRouter/rustyclaw-go/client.go:65.20,67.46 2 1
github.com/RustyClawRouter/rustyclaw-go/client.go:67.46,69.4 1 1
github.com/RustyClawRouter/rustyclaw-go/client.go:73.2,86.16 3 1
github.com/RustyClawRouter/rustyclaw-go/client.go:86.16,88.3 1 1
github.com/RustyClawRouter/rustyclaw-go/client.go:91.2,91.33 1 1
github.com/RustyClawRouter/rustyclaw-go/client.go:91.33,92.51 1 0
github.com/RustyClawRouter/rustyclaw-go/client.go:92.51,93.34 1 0
github.com/RustyClawRouter/rustyclaw-go/client.go:93.34,94.10 1 0
github.com/RustyClawRouter/rustyclaw-go/client.go:96.4,97.20 2 0
github.com/RustyClawRouter/rustyclaw-go/client.go:97.20,98.10 1 0
github.com/RustyClawRouter/rustyclaw-go/client.go:100.4,103.18 2 0
github.com/RustyClawRouter/rustyclaw-go/client.go:103.18,105.5 1 0
github.com/RustyClawRouter/rustyclaw-go/client.go:110.2,110.20 1 1
github.com/RustyClawRouter/rustyclaw-go/client.go:110.20,112.3 1 1
github.com/RustyClawRouter/rustyclaw-go/client.go:115.2,115.46 1 1
github.com/RustyClawRouter/rustyclaw-go/client.go:115.46,118.3 2 0
github.com/RustyClawRouter/rustyclaw-go/client.go:120.2,120.22 1 1
github.com/RustyClawRouter/rustyclaw-go/client.go:124.114,128.85 2 0
github.com/RustyClawRouter/rustyclaw-go/client.go:128.85,130.3 1 0
github.com/RustyClawRouter/rustyclaw-go/client.go:133.2,134.27 2 0
github.com/RustyClawRouter/rustyclaw-go/client.go:134.27,137.29 3 0
github.com/RustyClawRouter/rustyclaw-go/client.go:137.29,139.4 1 0
github.com/RustyClawRouter/rustyclaw-go/client.go:142.2,149.16 3 0
github.com/RustyClawRouter/rustyclaw-go/client.go:149.16,151.3 1 0
github.com/RustyClawRouter/rustyclaw-go/client.go:154.2,154.46 1 0
github.com/RustyClawRouter/rustyclaw-go/client.go:154.46,156.13 2 0
github.com/RustyClawRouter/rustyclaw-go/client.go:156.13,158.25 2 0
github.com/RustyClawRouter/rustyclaw-go/client.go:158.25,160.5 1 0
github.com/RustyClawRouter/rustyclaw-go/client.go:161.4,162.49 2 0
github.com/RustyClawRouter/rustyclaw-go/client.go:164.3,164.24 1 0
github.com/RustyClawRouter/rustyclaw-go/client.go:167.2,167.16 1 0
github.com/RustyClawRouter/rustyclaw-go/client.go:171.76,173.2 1 1
github.com/RustyClawRouter/rustyclaw-go/client.go:176.55,178.2 1 1
github.com/RustyClawRouter/rustyclaw-go/client.go:181.43,183.2 1 1
github.com/RustyClawRouter/rustyclaw-go/client.go:185.141,187.16 2 1
github.com/RustyClawRouter/rustyclaw-go/client.go:187.16,189.3 1 0
github.com/RustyClawRouter/rustyclaw-go/client.go:191.2,191.35 1 1
github.com/RustyClawRouter/rustyclaw-go/client.go:191.35,192.22 1 1
github.com/RustyClawRouter/rustyclaw-go/client.go:192.22,194.4 1 1
github.com/RustyClawRouter/rustyclaw-go/client.go:196.3,197.22 2 1
github.com/RustyClawRouter/rustyclaw-go/client.go:197.22,199.4 1 0
github.com/RustyClawRouter/rustyclaw-go/client.go:201.3,201.53 1 1
github.com/RustyClawRouter/rustyclaw-go/client.go:201.53,203.4 1 1
github.com/RustyClawRouter/rustyclaw-go/client.go:206.3,208.17 3 0
github.com/RustyClawRouter/rustyclaw-go/client.go:208.17,210.4 1 0
github.com/RustyClawRouter/rustyclaw-go/client.go:212.3,216.17 4 0
github.com/RustyClawRouter/rustyclaw-go/client.go:216.17,218.4 1 0
github.com/RustyClawRouter/rustyclaw-go/client.go:219.3,219.36 1 0
github.com/RustyClawRouter/rustyclaw-go/client.go:219.36,221.4 1 0
github.com/RustyClawRouter/rustyclaw-go/client.go:224.2,224.29 1 1
github.com/RustyClawRouter/rustyclaw-go/client.go:227.84,228.28 1 1
github.com/RustyClawRouter/rustyclaw-go/client.go:228.28,229.80 1 1
github.com/RustyClawRouter/rustyclaw-go/client.go:229.80,231.4 1 1
github.com/RustyClawRouter/rustyclaw-go/client.go:233.2,233.28 1 0
github.com/RustyClawRouter/rustyclaw-go/client.go:233.28,234.81 1 0
github.com/RustyClawRouter/rustyclaw-go/client.go:234.81,236.4 1 0
github.com/RustyClawRouter/rustyclaw-go/client.go:238.2,238.12 1 0
github.com/RustyClawRouter/rustyclaw-go/client.go:241.74,242.86 1 1
github.com/RustyClawRouter/rustyclaw-go/client.go:242.86,244.3 1 1
github.com/RustyClawRouter/rustyclaw-go/client.go:245.2,245.38 1 1
github.com/RustyClawRouter/rustyclaw-go/client.go:245.38,247.42 2 1
github.com/RustyClawRouter/rustyclaw-go/client.go:247.42,249.4 1 1
github.com/RustyClawRouter/rustyclaw-go/client.go:251.2,251.12 1 0
github.com/RustyClawRouter/rustyclaw-go/client.go:254.35,258.2 3 1
github.com/RustyClawRouter/rustyclaw-go/config.go:22.35,30.2 1 1
github.com/RustyClawRouter/rustyclaw-go/config.go:36.40,36.71 1 1
github.com/RustyClawRouter/rustyclaw-go/config.go:36.71,36.93 1 1
github.com/RustyClawRouter/rustyclaw-go/config.go:39.36,39.67 1 1
github.com/RustyClawRouter/rustyclaw-go/config.go:39.67,39.85 1 1
github.com/RustyClawRouter/rustyclaw-go/config.go:42.42,42.73 1 1
github.com/RustyClawRouter/rustyclaw-go/config.go:42.73,42.90 1 1
github.com/RustyClawRouter/rustyclaw-go/config.go:45.45,46.31 1 1
github.com/RustyClawRouter/rustyclaw-go/config.go:46.31,46.58 1 1
github.com/RustyClawRouter/rustyclaw-go/config.go:50.46,51.31 1 1
github.com/RustyClawRouter/rustyclaw-go/config.go:51.31,51.68 2 1
github.com/RustyClawRouter/rustyclaw-go/config.go:55.36,55.67 1 1
github.com/RustyClawRouter/rustyclaw-go/config.go:55.67,55.93 1 1
github.com/RustyClawRouter/rustyclaw-go/config.go:58.39,58.70 1 1
github.com/RustyClawRouter/rustyclaw-go/config.go:58.70,58.99 1 1
github.com/RustyClawRouter/rustyclaw-go/config.go:61.45,61.76 1 1
github.com/RustyClawRouter/rustyclaw-go/config.go:61.76,61.96 1 1
github.com/RustyClawRouter/rustyclaw-go/config.go:64.43,65.31 1 1
github.com/RustyClawRouter/rustyclaw-go/config.go:65.31,65.64 1 1
github.com/RustyClawRouter/rustyclaw-go/config.go:69.42,70.31 1 1
github.com/RustyClawRouter/rustyclaw-go/config.go:70.31,70.58 1 1
github.com/RustyClawRouter/rustyclaw-go/config.go:74.49,75.31 1 1
github.com/RustyClawRouter/rustyclaw-go/config.go:75.31,75.62 1 1
github.com/RustyClawRouter/rustyclaw-go/errors.go:10.38,10.58 1 1
github.com/RustyClawRouter/rustyclaw-go/errors.go:17.38,17.91 1 1
github.com/RustyClawRouter/rustyclaw-go/errors.go:24.38,24.91 1 1
github.com/RustyClawRouter/rustyclaw-go/errors.go:31.51,33.2 1 1
github.com/RustyClawRouter/rustyclaw-go/errors.go:41.39,43.2 1 1
github.com/RustyClawRouter/rustyclaw-go/errors.go:50.47,52.2 1 1
github.com/RustyClawRouter/rustyclaw-go/errors.go:59.47,61.2 1 1
github.com/RustyClawRouter/rustyclaw-go/errors.go:68.49,70.2 1 1
github.com/RustyClawRouter/rustyclaw-go/errors.go:77.48,79.2 1 1
github.com/RustyClawRouter/rustyclaw-go/errors.go:86.39,88.2 1 1
github.com/RustyClawRouter/rustyclaw-go/quality.go:23.51,25.38 1 1
github.com/RustyClawRouter/rustyclaw-go/quality.go:25.38,27.3 1 1
github.com/RustyClawRouter/rustyclaw-go/quality.go:30.2,31.43 2 1
github.com/RustyClawRouter/rustyclaw-go/quality.go:31.43,32.38 1 1
github.com/RustyClawRouter/rustyclaw-go/quality.go:32.38,34.4 1 1
github.com/RustyClawRouter/rustyclaw-go/quality.go:38.2,39.22 2 1
github.com/RustyClawRouter/rustyclaw-go/quality.go:39.22,41.38 2 1
github.com/RustyClawRouter/rustyclaw-go/quality.go:41.38,44.28 3 1
github.com/RustyClawRouter/rustyclaw-go/quality.go:44.28,46.5 1 1
github.com/RustyClawRouter/rustyclaw-go/quality.go:51.2,51.24 1 1
github.com/RustyClawRouter/rustyclaw-go/quality.go:51.24,53.99 2 1
github.com/RustyClawRouter/rustyclaw-go/quality.go:53.99,55.4 1 1
github.com/RustyClawRouter/rustyclaw-go/quality.go:58.2,58.11 1 1
github.com/RustyClawRouter/rustyclaw-go/session.go:32.55,37.2 1 1
github.com/RustyClawRouter/rustyclaw-go/session.go:41.80,46.46 4 1
github.com/RustyClawRouter/rustyclaw-go/session.go:46.46,55.3 2 1
github.com/RustyClawRouter/rustyclaw-go/session.go:57.2,58.68 2 1
github.com/RustyClawRouter/rustyclaw-go/session.go:63.76,68.9 4 1
github.com/RustyClawRouter/rustyclaw-go/session.go:68.9,70.3 1 1
github.com/RustyClawRouter/rustyclaw-go/session.go:72.2,76.39 3 1
github.com/RustyClawRouter/rustyclaw-go/session.go:76.39,77.23 1 1
github.com/RustyClawRouter/rustyclaw-go/session.go:77.23,79.4 1 1
github.com/RustyClawRouter/rustyclaw-go/session.go:81.2,81.16 1 1
github.com/RustyClawRouter/rustyclaw-go/session.go:81.16,83.3 1 1
github.com/RustyClawRouter/rustyclaw-go/session.go:87.41,91.36 3 1
github.com/RustyClawRouter/rustyclaw-go/session.go:91.36,92.40 1 1
github.com/RustyClawRouter/rustyclaw-go/session.go:92.40,94.4 1 1
github.com/RustyClawRouter/rustyclaw-go/session.go:99.53,101.23 2 1
github.com/RustyClawRouter/rustyclaw-go/session.go:101.23,104.3 2 1
github.com/RustyClawRouter/rustyclaw-go/session.go:105.2,105.43 1 1
github.com/RustyClawRouter/rustyclaw-go/signer.go:18.69,19.18 1 1
github.com/RustyClawRouter/rustyclaw-go/signer.go:19.18,21.3 1 1
github.com/RustyClawRouter/rustyclaw-go/signer.go:22.2,22.55 1 1
github.com/RustyClawRouter/rustyclaw-go/signer.go:26.165,30.2 1 1
github.com/RustyClawRouter/rustyclaw-go/transport.go:23.69,29.2 1 1
github.com/RustyClawRouter/rustyclaw-go/transport.go:38.155,41.16 3 1
github.com/RustyClawRouter/rustyclaw-go/transport.go:41.16,43.3 1 0
github.com/RustyClawRouter/rustyclaw-go/transport.go:45.2,47.16 3 1
github.com/RustyClawRouter/rustyclaw-go/transport.go:47.16,49.3 1 0
github.com/RustyClawRouter/rustyclaw-go/transport.go:50.2,51.28 2 1
github.com/RustyClawRouter/rustyclaw-go/transport.go:51.28,53.3 1 1
github.com/RustyClawRouter/rustyclaw-go/transport.go:54.2,54.33 1 1
github.com/RustyClawRouter/rustyclaw-go/transport.go:54.33,56.3 1 1
github.com/RustyClawRouter/rustyclaw-go/transport.go:58.2,59.16 2 1
github.com/RustyClawRouter/rustyclaw-go/transport.go:59.16,60.23 1 0
github.com/RustyClawRouter/rustyclaw-go/transport.go:60.23,62.4 1 0
github.com/RustyClawRouter/rustyclaw-go/transport.go:63.3,63.18 1 0
github.com/RustyClawRouter/rustyclaw-go/transport.go:65.2,68.16 3 1
github.com/RustyClawRouter/rustyclaw-go/transport.go:68.16,70.3 1 0
github.com/RustyClawRouter/rustyclaw-go/transport.go:72.2,72.25 1 1
github.com/RustyClawRouter/rustyclaw-go/transport.go:73.11,75.57 2 1
github.com/RustyClawRouter/rustyclaw-go/transport.go:75.57,77.4 1 0
github.com/RustyClawRouter/rustyclaw-go/transport.go:78.3,78.51 1 1
github.com/RustyClawRouter/rustyclaw-go/transport.go:79.11,81.51 2 1
github.com/RustyClawRouter/rustyclaw-go/transport.go:81.51,83.4 1 0
github.com/RustyClawRouter/rustyclaw-go/transport.go:84.3,84.52 1 1
github.com/RustyClawRouter/rustyclaw-go/transport.go:85.10,89.36 4 1
github.com/RustyClawRouter/rustyclaw-go/transport.go:89.36,91.4 1 1
github.com/RustyClawRouter/rustyclaw-go/transport.go:92.3,92.67 1 1
github.com/RustyClawRouter/rustyclaw-go/transport.go:103.169,106.16 3 1
github.com/RustyClawRouter/rustyclaw-go/transport.go:106.16,108.3 1 0
github.com/RustyClawRouter/rustyclaw-go/transport.go:110.2,112.16 3 1
github.com/RustyClawRouter/rustyclaw-go/transport.go:112.16,114.3 1 0
github.com/RustyClawRouter/rustyclaw-go/transport.go:115.2,116.28 2 1
github.com/RustyClawRouter/rustyclaw-go/transport.go:116.28,118.3 1 0
github.com/RustyClawRouter/rustyclaw-go/transport.go:119.2,119.33 1 1
github.com/RustyClawRouter/rustyclaw-go/transport.go:119.33,121.3 1 0
github.com/RustyClawRouter/rustyclaw-go/transport.go:123.2,124.16 2 1
github.com/RustyClawRouter/rustyclaw-go/transport.go:124.16,126.3 1 0
github.com/RustyClawRouter/rustyclaw-go/transport.go:128.2,128.28 1 1
github.com/RustyClawRouter/rustyclaw-go/transport.go:128.28,134.3 5 1
github.com/RustyClawRouter/rustyclaw-go/transport.go:135.2,135.28 1 1
github.com/RustyClawRouter/rustyclaw-go/transport.go:135.28,139.3 3 0
github.com/RustyClawRouter/rustyclaw-go/transport.go:141.2,142.12 2 1
github.com/RustyClawRouter/rustyclaw-go/transport.go:142.12,146.22 4 1
github.com/RustyClawRouter/rustyclaw-go/transport.go:146.22,148.41 2 1
github.com/RustyClawRouter/rustyclaw-go/transport.go:148.41,151.28 3 1
github.com/RustyClawRouter/rustyclaw-go/transport.go:151.28,153.6 1 1
github.com/RustyClawRouter/rustyclaw-go/transport.go:154.5,155.67 2 1
github.com/RustyClawRouter/rustyclaw-go/transport.go:155.67,158.6 2 0
github.com/RustyClawRouter/rustyclaw-go/transport.go:159.5,159.42 1 1
github.com/RustyClawRouter/rustyclaw-go/transport.go:163.2,163.16 1 1
github.com/RustyClawRouter/rustyclaw-go/transport.go:167.75,170.16 3 1
github.com/RustyClawRouter/rustyclaw-go/transport.go:170.16,172.3 1 0
github.com/RustyClawRouter/rustyclaw-go/transport.go:173.2,174.16 2 1
github.com/RustyClawRouter/rustyclaw-go/transport.go:174.16,176.3 1 0
github.com/RustyClawRouter/rustyclaw-go/transport.go:177.2,178.28 2 1
github.com/RustyClawRouter/rustyclaw-go/transport.go:178.28,180.3 1 1
github.com/RustyClawRouter/rustyclaw-go/transport.go:181.2,184.67 2 1
github.com/RustyClawRouter/rustyclaw-go/transport.go:184.67,186.3 1 0
github.com/RustyClawRouter/rustyclaw-go/transport.go:187.2,187.25 1 1
github.com/RustyClawRouter/rustyclaw-go/wallet.go:19.46,21.16 2 1
github.com/RustyClawRouter/rustyclaw-go/wallet.go:21.16,23.3 1 0
github.com/RustyClawRouter/rustyclaw-go/wallet.go:24.2,24.91 1 1
github.com/RustyClawRouter/rustyclaw-go/wallet.go:28.58,29.40 1 1
github.com/RustyClawRouter/rustyclaw-go/wallet.go:29.40,33.3 1 1
github.com/RustyClawRouter/rustyclaw-go/wallet.go:34.2,34.58 1 1
github.com/RustyClawRouter/rustyclaw-go/wallet.go:38.56,40.16 2 1
github.com/RustyClawRouter/rustyclaw-go/wallet.go:40.16,42.3 1 1
github.com/RustyClawRouter/rustyclaw-go/wallet.go:43.2,43.36 1 1
github.com/RustyClawRouter/rustyclaw-go/wallet.go:47.53,49.15 2 1
github.com/RustyClawRouter/rustyclaw-go/wallet.go:49.15,51.3 1 1
github.com/RustyClawRouter/rustyclaw-go/wallet.go:52.2,52.34 1 1
github.com/RustyClawRouter/rustyclaw-go/wallet.go:56.35,58.2 1 1
github.com/RustyClawRouter/rustyclaw-go/wallet.go:61.48,63.2 1 1
github.com/RustyClawRouter/rustyclaw-go/wallet.go:66.50,68.2 1 1
github.com/RustyClawRouter/rustyclaw-go/wallet.go:71.42,73.2 1 1
github.com/RustyClawRouter/rustyclaw-go/wallet.go:76.40,78.2 1 1
github.com/RustyClawRouter/rustyclaw-go/wallet.go:81.34,83.2 1 1
